<?xml version="1.0" encoding="UTF-8"?>
<!-- Generated by org.testng.reporters.JUnitReportReporter -->
<testsuite hostname="USER-PC" failures="0" tests="3" name="com.TsM.test1" time="436.578" errors="0" timestamp="2021-06-07T11:46:51 PKT" skipped="0">
  <testcase classname="com.TsM.test1" name="thirdTestCase" time="125.573"/>
  <system-out/>
  <testcase classname="com.TsM.test1" name="secondTestCase" time="206.652"/>
  <system-out/>
  <testcase classname="com.TsM.test1" name="firstTestCase" time="104.353"/>
  <system-out/>
</testsuite> <!-- com.TsM.test1 -->
